[Message:   BepInEx] BepInEx 5.4.21.0 - Lethal Company (2024/7/31 15:20:19)
[Info   :   BepInEx] Running under Unity v2022.3.9.15351836
[Info   :   BepInEx] CLR runtime version: 4.0.30319.42000
[Info   :   BepInEx] Supports SRE: True
[Info   :   BepInEx] System platform: Bits64, Windows
[Message:   BepInEx] Preloader started
[Info   :   BepInEx] Loaded 1 patcher method from [BepInEx.Preloader 5.4.21.0]
[Info   :   BepInEx] Loaded 1 patcher method from [FixPluginTypesSerialization 1.0.0.0]
[Info   :   BepInEx] Loaded 1 patcher method from [BepInEx.MonoMod.HookGenPatcher 1.2.1.0]
[Info   :   BepInEx] 3 patcher plugins loaded
[Info   :HookGenPatcher] Previous MMHOOK location found. Using that location to save instead.
[Info   :HookGenPatcher] Already ran for this version, reusing that file.
[Info   :HookGenPatcher] Previous MMHOOK location found. Using that location to save instead.
[Info   :HookGenPatcher] Already ran for this version, reusing that file.
[Info   :HookGenPatcher] Previous MMHOOK location found. Using that location to save instead.
[Info   :HookGenPatcher] Already ran for this version, reusing that file.
[Info   :HookGenPatcher] Previous MMHOOK location found. Using that location to save instead.
[Info   :HookGenPatcher] Already ran for this version, reusing that file.
[Info   :HookGenPatcher] Previous MMHOOK location found. Using that location to save instead.
[Info   :HookGenPatcher] Already ran for this version, reusing that file.
[Info   :HookGenPatcher] Previous MMHOOK location found. Using that location to save instead.
[Info   :HookGenPatcher] Already ran for this version, reusing that file.
[Message:FixPluginTypesSerialization] Using the config cache
[Info   :FixPluginTypesSerialization] Running under Unity v2022.3.9
[Info   :   BepInEx] Patching [UnityEngine.CoreModule] with [BepInEx.Chainloader]
[Message:   BepInEx] Preloader finished
[Message:   BepInEx] Chainloader ready
[Message:   BepInEx] Chainloader started
[Info   :   BepInEx] 28 plugins to load
[Warning:   BepInEx] Plugin [Backrooms 0.1.3] targets a wrong version of BepInEx (5.4.22.0) and might not work until you update
[Warning:   BepInEx] Plugin [Scoopy's Variety Mod 1.2.0] targets a wrong version of BepInEx (5.4.22.0) and might not work until you update
[Info   :   BepInEx] Loading [AHook 1.0.0]
[Info   :     AHook] 插件AHook已加载!
[Info   :     AHook] GameTranslator正在载入配置文件Item-Translate
[Info   :   BepInEx] Loading [LethalConfig 1.4.3]
[Debug  :ainavt.lc.lethalconfig] Registered config "LethalConfig/General/SectionsDefaultClosed"
[Debug  :ainavt.lc.lethalconfig] Registered config "LethalConfig/Example/Int Slider"
[Debug  :ainavt.lc.lethalconfig] Registered config "LethalConfig/Example/Float Slider"
[Debug  :ainavt.lc.lethalconfig] Registered config "LethalConfig/Example/Float Step Slider"
[Debug  :ainavt.lc.lethalconfig] Registered config "LethalConfig/Example/Bool Checkbox"
[Debug  :ainavt.lc.lethalconfig] Registered config "LethalConfig/Example/Enum Dropdown"
[Debug  :ainavt.lc.lethalconfig] Registered config "LethalConfig/Example/Text Input"
[Debug  :ainavt.lc.lethalconfig] Registered config "LethalConfig/Example/Multiline Text Input"
[Debug  :ainavt.lc.lethalconfig] Registered config "LethalConfig.ConfigItems.GenericButtonConfigItem"
[Debug  :ainavt.lc.lethalconfig] Registered config "LethalConfig/Example/Int Input"
[Debug  :ainavt.lc.lethalconfig] Registered config "LethalConfig/Example/Float Input"
[Debug  :ainavt.lc.lethalconfig] Registered config "LethalConfig/Example/Text Input Dropdown"
[Debug  :ainavt.lc.lethalconfig] Finished loading assets.
[Info   :ainavt.lc.lethalconfig] LethalConfig loaded!
[Info   :   BepInEx] Loading [BetterTeleporter 1.2.2]
[Info   :BetterTeleporter] Patched 'ShipTeleporterPatch.TeleportPlayerOutWithInverseTeleporter'
[Info   :BetterTeleporter] Patched 'ShipTeleporterPatch.beamUpPlayer'
[Info   :BetterTeleporter] Plugin BetterTeleporter is loaded!
[Info   :   BepInEx] Loading [CullFactory 1.4.2]
[Info   :CullFactory] Loaded CullFactory's Burst assembly.
[Info   :   BepInEx] Loading [SellMyScrap 1.7.1]
[Info   :com.github.zehsteam.SellMyScrap] SellMyScrap has awoken!
[Debug  :ainavt.lc.lethalconfig] Registered config "SellMyScrap/General Settings/ExtendedLogging"
[Debug  :ainavt.lc.lethalconfig] Registered config "SellMyScrap/Sell Settings/SellGifts"
[Debug  :ainavt.lc.lethalconfig] Registered config "SellMyScrap/Sell Settings/SellShotguns"
[Debug  :ainavt.lc.lethalconfig] Registered config "SellMyScrap/Sell Settings/SellAmmo"
[Debug  :ainavt.lc.lethalconfig] Registered config "SellMyScrap/Sell Settings/SellKnives"
[Debug  :ainavt.lc.lethalconfig] Registered config "SellMyScrap/Sell Settings/SellPickles"
[Debug  :ainavt.lc.lethalconfig] Registered config "SellMyScrap/Advanced Sell Settings/SellScrapWorthZero"
[Debug  :ainavt.lc.lethalconfig] Registered config "SellMyScrap/Advanced Sell Settings/OnlySellScrapOnFloor"
[Debug  :ainavt.lc.lethalconfig] Registered config "SellMyScrap/Advanced Sell Settings/DontSellList"
[Debug  :ainavt.lc.lethalconfig] Registered config "SellMyScrap/Advanced Sell Settings/SellList"
[Debug  :ainavt.lc.lethalconfig] Registered config "SellMyScrap/Terminal Settings/OverrideWelcomeMessage"
[Debug  :ainavt.lc.lethalconfig] Registered config "SellMyScrap/Terminal Settings/OverrideHelpMessage"
[Debug  :ainavt.lc.lethalconfig] Registered config "SellMyScrap/Terminal Settings/ShowFoundItems"
[Debug  :ainavt.lc.lethalconfig] Registered config "SellMyScrap/Terminal Settings/SortFoundItemsPrice"
[Debug  :ainavt.lc.lethalconfig] Registered config "SellMyScrap/Terminal Settings/AlignFoundItemsPrice"
[Debug  :ainavt.lc.lethalconfig] Registered config "SellMyScrap/Misc Settings/SpeakInShip"
[Debug  :ainavt.lc.lethalconfig] Registered config "SellMyScrap/Misc Settings/RareVoiceLineChance"
[Debug  :ainavt.lc.lethalconfig] Registered config "SellMyScrap/Misc Settings/ShowQuotaWarning"
[Debug  :ainavt.lc.lethalconfig] Registered config "SellMyScrap/Scrap Eater Settings/ScrapEaterChance"
[Debug  :ainavt.lc.lethalconfig] Registered config "SellMyScrap/Scrap Eater Settings/OctolarSpawnWeight"
[Debug  :ainavt.lc.lethalconfig] Registered config "SellMyScrap/Scrap Eater Settings/TakeySpawnWeight"
[Debug  :ainavt.lc.lethalconfig] Registered config "SellMyScrap/Scrap Eater Settings/MaxwellSpawnWeight"
[Debug  :ainavt.lc.lethalconfig] Registered config "SellMyScrap/Scrap Eater Settings/YippeeSpawnWeight"
[Debug  :ainavt.lc.lethalconfig] Registered config "SellMyScrap/Scrap Eater Settings/CookieFumoSpawnWeight"
[Debug  :ainavt.lc.lethalconfig] Registered config "SellMyScrap/Scrap Eater Settings/PsychoSpawnWeight"
[Debug  :ainavt.lc.lethalconfig] Registered config "SellMyScrap/Scrap Eater Settings/ZombiesSpawnWeight"
[Info   :com.github.zehsteam.SellMyScrap] Successfully loaded assets from AssetBundle!
[Warning:com.github.zehsteam.SellMyScrap] Error processing method <GetItems>b__12_0 in type <>c: Could not load file or assembly 'ShipInventory, Version=1.1.2.0, Culture=neutral, PublicKeyToken=null' or one of its dependencies.
[Warning:com.github.zehsteam.SellMyScrap] Error processing method <SpawnItemsOnServerCoroutine>b__14_0 in type <>c: Could not load file or assembly 'ShipInventory, Version=1.1.2.0, Culture=neutral, PublicKeyToken=null' or one of its dependencies.
[Info   :   BepInEx] Loading [LethalLib 0.16.1]
[Info   : LethalLib] LethalLib loaded!!
[Info   :   BepInEx] Loading [MaxWasUnavailable.LethalModDataLib 1.2.2]
[Debug  :MaxWasUnavailable.LethalModDataLib] Patching...
[Debug  :MaxWasUnavailable.LethalModDataLib] Patched!
[Info   :MaxWasUnavailable.LethalModDataLib] Plugin MaxWasUnavailable.LethalModDataLib is loaded!
[Info   :   BepInEx] Loading [LethalLevelLoader 1.3.10]
[Info   :LethalLevelLoader] LethalLevelLoader loaded!!
[Info   :LethalLevelLoader] evaisa.lethallibfound, enabling compatability patches.
[Info   :LethalLevelLoader] Finding LethalBundles!
[Info   :LethalLevelLoader] No Bundles Found!
[Info   :LethalLevelLoader] Config Level Set As: User
[Info   :   BepInEx] Loading [Dungeon Generation Plus 1.1.2]
[Info   :dev.ladyalice.dungenplus] Plugin Dungeon Generation Plus has been added!
[Debug  :dev.ladyalice.dungenplus] Loading resource DunGenPlus.dungen
[Debug  :dev.ladyalice.dungenplus] Loading asset DevDebug
[Info   :   BepInEx] Loading [ReservedItemSlotCore 2.0.36]
[Info   :ReservedItemSlotCore-2.0.36] BindingConfigs
[Info   :ReservedItemSlotCore-2.0.36] ReservedItemSlotCore loaded
[Info   :   BepInEx] Loading [ReservedFlashlightSlot 2.0.8]
[Info   :ReservedFlashlightSlot-2.0.8] BindingConfigs
[Info   :ReservedItemSlotCore-2.0.36] Created ReservedItemSlotData for: flashlight. Slot priority: 200
[Info   :ReservedFlashlightSlot-2.0.8] ReservedFlashlightSlot loaded
[Info   :   BepInEx] Loading [Scarlet Mansion 1.3.27]
[Info   :dev.ladyalice.scarletmansion] Plugin Scarlet Mansion has been added!
[Debug  :dev.ladyalice.scarletmansion] Verifying min/max for main path length
[Debug  :dev.ladyalice.scarletmansion] Verifying min/max for main path length
[Debug  :dev.ladyalice.scarletmansion] Verifying min/max for section one count
[Debug  :dev.ladyalice.scarletmansion] Verifying min/max for section one count
[Debug  :dev.ladyalice.scarletmansion] Verifying min/max for section one depth
[Debug  :dev.ladyalice.scarletmansion] Verifying min/max for section one depth
[Debug  :dev.ladyalice.scarletmansion] Verifying min/max for section two count
[Debug  :dev.ladyalice.scarletmansion] Verifying min/max for section two count
[Debug  :dev.ladyalice.scarletmansion] Verifying min/max for section two depth
[Debug  :dev.ladyalice.scarletmansion] Verifying min/max for section two depth
[Debug  :dev.ladyalice.scarletmansion] Verifying min/max for section three count
[Debug  :dev.ladyalice.scarletmansion] Verifying min/max for section three count
[Debug  :dev.ladyalice.scarletmansion] Verifying min/max for section three depth
[Debug  :dev.ladyalice.scarletmansion] Verifying min/max for section three depth
[Debug  :dev.ladyalice.scarletmansion] Verifying min/max for painting extra loot
[Debug  :dev.ladyalice.scarletmansion] Verifying min/max for painting extra loot
[Debug  :dev.ladyalice.scarletmansion] Verifying min/max for treasure room loot
[Debug  :dev.ladyalice.scarletmansion] Verifying min/max for treasure room loot
[Debug  :dev.ladyalice.scarletmansion] Verifying lightsSpawn 0/1/2 values
[Debug  :dev.ladyalice.scarletmansion] Updating config values with preset Default
[Debug  :dev.ladyalice.scarletmansion] Updating config values with preset Default
[Info   :dev.ladyalice.scarletmansion] Loading compability patch for ainavt.lc.lethalconfig
[Info   :dev.ladyalice.scarletmansion] Loading compability patch for FlipMods.ReservedFlashlightSlot
[Debug  :ainavt.lc.lethalconfig] Registered config "Scarlet Mansion/_Presets/Preset Dungeon Generation"
[Debug  :ainavt.lc.lethalconfig] Registered config "Scarlet Mansion/_Presets/Preset Dungeon Lighting"
[Debug  :ainavt.lc.lethalconfig] Registered config "Scarlet Mansion/DunGen Bounding Box/Width Base"
[Debug  :ainavt.lc.lethalconfig] Registered config "Scarlet Mansion/DunGen Bounding Box/Length Base"
[Debug  :ainavt.lc.lethalconfig] Registered config "Scarlet Mansion/DunGen Bounding Box/Width Multiplier Factor"
[Debug  :ainavt.lc.lethalconfig] Registered config "Scarlet Mansion/DunGen Bounding Box/Length Multiplier Factor"
[Debug  :ainavt.lc.lethalconfig] Registered config "Scarlet Mansion/DunGen Main Path/Main Path Count"
[Debug  :ainavt.lc.lethalconfig] Registered config "Scarlet Mansion/DunGen Main Path/Main Path Length Min"
[Debug  :ainavt.lc.lethalconfig] Registered config "Scarlet Mansion/DunGen Main Path/Main Path Length Max"
[Debug  :ainavt.lc.lethalconfig] Registered config "Scarlet Mansion/DunGen Branching Path/Use Branch Path Multi Sim"
[Debug  :ainavt.lc.lethalconfig] Registered config "Scarlet Mansion/DunGen Branching Path/Branch Path Simlation Count"
[Debug  :ainavt.lc.lethalconfig] Registered config "Scarlet Mansion/DunGen Branching Path 1/Section 1 Count Min"
[Debug  :ainavt.lc.lethalconfig] Registered config "Scarlet Mansion/DunGen Branching Path 1/Section 1 Count Max"
[Debug  :ainavt.lc.lethalconfig] Registered config "Scarlet Mansion/DunGen Branching Path 1/Section 1 Depth Min"
[Debug  :ainavt.lc.lethalconfig] Registered config "Scarlet Mansion/DunGen Branching Path 1/Section 1 Depth Max"
[Debug  :ainavt.lc.lethalconfig] Registered config "Scarlet Mansion/DunGen Branching Path 2/Section 2 Count Min"
[Debug  :ainavt.lc.lethalconfig] Registered config "Scarlet Mansion/DunGen Branching Path 2/Section 2 Count Max"
[Debug  :ainavt.lc.lethalconfig] Registered config "Scarlet Mansion/DunGen Branching Path 2/Section 2 Depth Min"
[Debug  :ainavt.lc.lethalconfig] Registered config "Scarlet Mansion/DunGen Branching Path 2/Section 2 Depth Max"
[Debug  :ainavt.lc.lethalconfig] Registered config "Scarlet Mansion/DunGen Branching Path 3/Section 3 Count Min"
[Debug  :ainavt.lc.lethalconfig] Registered config "Scarlet Mansion/DunGen Branching Path 3/Section 3 Count Max"
[Debug  :ainavt.lc.lethalconfig] Registered config "Scarlet Mansion/DunGen Branching Path 3/Section 3 Depth Min"
[Debug  :ainavt.lc.lethalconfig] Registered config "Scarlet Mansion/DunGen Branching Path 3/Section 3 Depth Max"
[Debug  :ainavt.lc.lethalconfig] Registered config "Scarlet Mansion/Dungeon Loot/Loot Multiplier"
[Debug  :ainavt.lc.lethalconfig] Registered config "Scarlet Mansion/Dungeon Loot/Decorative Crystal Weight"
[Debug  :ainavt.lc.lethalconfig] Registered config "Scarlet Mansion/Dungeon Loot/Shattered Decorative Crystal Weight"
[Debug  :ainavt.lc.lethalconfig] Registered config "Scarlet Mansion/Dungeon Loot/Doll Snow Globe Weight"
[Debug  :ainavt.lc.lethalconfig] Registered config "Scarlet Mansion/Dungeon Enemies/Map Hazards Multiplier"
[Debug  :ainavt.lc.lethalconfig] Registered config "Scarlet Mansion/Dungeon Enemies/Minimum Indoor Enemy Spawn Count"
[Debug  :ainavt.lc.lethalconfig] Registered config "Scarlet Mansion/Dungeon Enemies/Knight Weight Steal Percentage"
[Debug  :ainavt.lc.lethalconfig] Registered config "Scarlet Mansion/Dungeon Enemies/Knight Weight Base"
[Debug  :ainavt.lc.lethalconfig] Registered config "Scarlet Mansion/Dungeon Enemies/Maid Weight Steal Percentage"
[Debug  :ainavt.lc.lethalconfig] Registered config "Scarlet Mansion/Dungeon Enemies/Maid Weight Base"
[Debug  :ainavt.lc.lethalconfig] Registered config "Scarlet Mansion/Dungeon Features/Door Shovel Damage"
[Debug  :ainavt.lc.lethalconfig] Registered config "Scarlet Mansion/Dungeon Features/Door Shotgun Damage"
[Debug  :ainavt.lc.lethalconfig] Registered config "Scarlet Mansion/Dungeon Features/Locked Door Enemy Damage Multiplier"
[Debug  :ainavt.lc.lethalconfig] Registered config "Scarlet Mansion/Dungeon Features/Use SDM Fire Exits"
[Debug  :ainavt.lc.lethalconfig] Registered config "Scarlet Mansion/Dungeon Painting Event/Painting Value"
[Debug  :ainavt.lc.lethalconfig] Registered config "Scarlet Mansion/Dungeon Painting Event/Painting Count"
[Debug  :ainavt.lc.lethalconfig] Registered config "Scarlet Mansion/Dungeon Painting Event/Painting Extra Loot Min"
[Debug  :ainavt.lc.lethalconfig] Registered config "Scarlet Mansion/Dungeon Painting Event/Painting Extra Loot Max"
[Debug  :ainavt.lc.lethalconfig] Registered config "Scarlet Mansion/Dungeon Painting Event/Spawn Enemy"
[Debug  :ainavt.lc.lethalconfig] Registered config "Scarlet Mansion/Dungeon Painting Event/Enemy List"
[Debug  :ainavt.lc.lethalconfig] Registered config "Scarlet Mansion/Dungeon Painting Event/Invader Apperance"
[Debug  :ainavt.lc.lethalconfig] Registered config "Scarlet Mansion/Dungeon Painting Event/Activate Facility Meltdown"
[Debug  :ainavt.lc.lethalconfig] Registered config "Scarlet Mansion/Dungeon Treasure Rooms/Treasure Room Count"
[Debug  :ainavt.lc.lethalconfig] Registered config "Scarlet Mansion/Dungeon Treasure Rooms/Treasure Room Loot Min"
[Debug  :ainavt.lc.lethalconfig] Registered config "Scarlet Mansion/Dungeon Treasure Rooms/Treasure Room Loot Max"
[Debug  :ainavt.lc.lethalconfig] Registered config "Scarlet Mansion/Lighting/Hallway Lights Weight"
[Debug  :ainavt.lc.lethalconfig] Registered config "Scarlet Mansion/Lighting/Chandelier Lights Weight"
[Debug  :ainavt.lc.lethalconfig] Registered config "Scarlet Mansion/Lighting/0 Lights Weight"
[Debug  :ainavt.lc.lethalconfig] Registered config "Scarlet Mansion/Lighting/1 Light Weight"
[Debug  :ainavt.lc.lethalconfig] Registered config "Scarlet Mansion/Lighting/2 Lights Weight"
[Warning:dev.ladyalice.scarletmansion] SpawnScrapInLevel inject Items 10 time(s) (Expected 4). Probably not an error but be warned
[Debug  :dev.ladyalice.scarletmansion] Loading resource ScarletMansion.scarletmansion
[Debug  :dev.ladyalice.scarletmansion] Loading asset SDMLevel
[Debug  :dev.ladyalice.scarletmansion] Loading asset SDMList
[Debug  :dev.ladyalice.scarletmansion] Loading asset DunGenExtender
[Debug  :dev.ladyalice.scarletmansion] Loading asset entrance_ogg
[Debug  :dev.ladyalice.scarletmansion] Loading asset NET_KnightEnemy
[Debug  :dev.ladyalice.scarletmansion] Loading asset KnightNode
[Debug  :dev.ladyalice.scarletmansion] Loading asset KnightKeyword
[Debug  :dev.ladyalice.scarletmansion] Loading asset NET_MaidEnemy
[Debug  :dev.ladyalice.scarletmansion] Loading asset MaidNode
[Debug  :dev.ladyalice.scarletmansion] Loading asset MaidKeyword
[Debug  :dev.ladyalice.scarletmansion] Global Item Scarlet Key registered
[Debug  :dev.ladyalice.scarletmansion] Scrap Item Deco. crystal registered
[Debug  :dev.ladyalice.scarletmansion] Scrap Item Shattered deco. crystal registered
[Debug  :dev.ladyalice.scarletmansion] Scrap Item Demonic painting registered
[Debug  :dev.ladyalice.scarletmansion] Scrap Item Maid's knife registered
[Debug  :dev.ladyalice.scarletmansion] Scrap Item Doll Snow Globe registered
[Info   :LethalLevelLoader] Found ExtendedMod: ScarletDevilMansionMod
[Info   :dev.ladyalice.dungenplus] Added DunGenExtender asset for SDMLevel
[Info   :   BepInEx] Loading [Scarlet Mansion Coroner Patch 1.0.0]
[Info   :   BepInEx] Loading [Scarlet Mansion Mimics Patch 1.0.0]
[Info   :   BepInEx] Loading [BetterStamina 1.2.1]
[Info   :BetterStamina] BindingConfigs
[Info   :BetterStamina] BetterStamina loaded
[Info   :   BepInEx] Loading [TooManyEmotes 2.2.7]
[Info   :TooManyEmotes-2.2.7] BindingConfigs
[Info   :TooManyEmotes-2.2.7] Initializing custom emote hotkeys.
[Info   :TooManyEmotes-2.2.7] Successfully loaded 28 animation clips from asset bundle: Assets/emotes_complementary
[Info   :TooManyEmotes-2.2.7] Successfully loaded 99 animation clips from asset bundle: Assets/emotes_0
[Info   :TooManyEmotes-2.2.7] Successfully loaded 131 animation clips from asset bundle: Assets/emotes_1
[Info   :TooManyEmotes-2.2.7] Successfully loaded 90 animation clips from asset bundle: Assets/emotes_2
[Info   :TooManyEmotes-2.2.7] Successfully loaded 8 animation clips from asset bundle: Assets/emotes_3
[Info   :TooManyEmotes-2.2.7] Successfully loaded 11 animation clips from asset bundle: Assets/emotes_special
[Info   :TooManyEmotes-2.2.7] Successfully loaded radial menu asset.
[Info   :TooManyEmotes-2.2.7] Loaded 27 emote props.
[Info   :TooManyEmotes-2.2.7] Loading 143 dmca-free audio clips.
[Info   :TooManyEmotes-2.2.7] Loading 152 dmca audio clips.
[Info   :TooManyEmotes-2.2.7] TooManyEmotes finished loading!
[Info   :   BepInEx] Loading [GameTranslator 1.8.33]
[Info   :GameTranslator] 插件GameTranslator已加载!
[Info   :GameTranslator] GameTranslator正在载入配置文件HUD-Translate
[Info   :GameTranslator] GameTranslator正在载入配置文件Item-Translate
[Info   :GameTranslator] GameTranslator正在载入配置文件Terminal-Translate
[Info   :GameTranslator] GameTranslator正在载入配置文件CMD-PY-Translate
[Info   :GameTranslator] GameTranslator正在载入配置文件CMD-ZH-Translate
[Info   :GameTranslator] GameTranslator正在载入配置文件SpecialText-Translate
[Info   :GameTranslator] GameTranslator正在载入配置文件GuiText-Translate
[Info   :GameTranslator] GameTranslator正在载入配置文件Normal-Translate
[Info   :GameTranslator] --- 正在载入Normal-Translate.cfg文件 ---
[Info   :GameTranslator] 正在加载文本文件: D:\lalalal\prod\steamapps\common\Lethal Company\BepInEx\config\translations\zh-CN\Normal-Translate.cfg.
[Info   :GameTranslator] --- 正在载入HUD-Translate.cfg文件 ---
[Info   :GameTranslator] 正在加载文本文件: D:\lalalal\prod\steamapps\common\Lethal Company\BepInEx\config\translations\zh-CN\HUD-Translate.cfg.
[Debug  :XUnity.AutoTranslator] Image loaded: D:\lalalal\prod\steamapps\common\Lethal Company\BepInEx\config\translations\zh-CN\Texture\AlertText[52CF932FDE-AB216CEFD9].png.
[Debug  :XUnity.AutoTranslator] Image loaded: D:\lalalal\prod\steamapps\common\Lethal Company\BepInEx\config\translations\zh-CN\Texture\endgameAllPlayersDead[7C79AB720A-AAE050C65E].png.
[Debug  :XUnity.AutoTranslator] Image loaded: D:\lalalal\prod\steamapps\common\Lethal Company\BepInEx\config\translations\zh-CN\Texture\endgameStatsBoxes[295886F7C3-4BC87000CE].png.
[Debug  :XUnity.AutoTranslator] Image loaded: D:\lalalal\prod\steamapps\common\Lethal Company\BepInEx\config\translations\zh-CN\Texture\endgameStatsDeceased[C6A5B6686B-D9522974DE].png.
[Debug  :XUnity.AutoTranslator] Image loaded: D:\lalalal\prod\steamapps\common\Lethal Company\BepInEx\config\translations\zh-CN\Texture\endgameStatsMissing[72D507A3C8-DB73092A8A].png.
[Debug  :XUnity.AutoTranslator] Image loaded: D:\lalalal\prod\steamapps\common\Lethal Company\BepInEx\config\translations\zh-CN\Texture\LogoTextV1[A6946826E1-170022950F].png.
[Debug  :XUnity.AutoTranslator] Image loaded: D:\lalalal\prod\steamapps\common\Lethal Company\BepInEx\config\translations\zh-CN\Texture\Logo[83FCE83274-09B09F5E0E].png.
[Debug  :XUnity.AutoTranslator] Image loaded: D:\lalalal\prod\steamapps\common\Lethal Company\BepInEx\config\translations\zh-CN\Texture\RedUIPanelGlitchBWarningRadiationB[7D4ED37952-95F686DE01].png.
[Debug  :XUnity.AutoTranslator] Image loaded: D:\lalalal\prod\steamapps\common\Lethal Company\BepInEx\config\translations\zh-CN\Texture\RedUIPanelGlitchBWarningRadiationC[7FBAA1AA30-9E2C036778].png.
[Debug  :XUnity.AutoTranslator] Image loaded: D:\lalalal\prod\steamapps\common\Lethal Company\BepInEx\config\translations\zh-CN\Texture\RedUIPanelGlitchBWarningRadiationD[4877939F7B-47E20481B0].png.
[Debug  :XUnity.AutoTranslator] Image loaded: D:\lalalal\prod\steamapps\common\Lethal Company\BepInEx\config\translations\zh-CN\Texture\RedUIPanelGlitchBWarningRadiation[FFCC97E055-2C688E6DC8].png.
[Debug  :XUnity.AutoTranslator] Image loaded: D:\lalalal\prod\steamapps\common\Lethal Company\BepInEx\config\translations\zh-CN\Texture\RedUIPanelGlitchBWarning[E5C5C6E52B-F9F9EA9261].png.
[Debug  :XUnity.AutoTranslator] Image loaded: D:\lalalal\prod\steamapps\common\Lethal Company\BepInEx\config\translations\zh-CN\Texture\RedUIPanelGlitchB[C864CEDFD2-470F6C25C6].png.
[Debug  :XUnity.AutoTranslator] Loaded texture files (took 0.25 seconds)
[Info   :GameTranslator] 开始监测D:\lalalal\prod\steamapps\common\Lethal Company\BepInEx\config\translations\zh-CN\
[Debug  :XUnity.AutoTranslator] Hooked UnityEngine.UI.MaskableGraphic.OnEnable through Harmony hooks.
[Debug  :XUnity.AutoTranslator] Hooked UnityEngine.UI.Image.set_sprite through Harmony hooks.
[Debug  :XUnity.AutoTranslator] Hooked UnityEngine.UI.Image.set_overrideSprite through Harmony hooks.
[Debug  :XUnity.AutoTranslator] Hooked UnityEngine.UI.Image.set_material through Harmony hooks.
[Debug  :XUnity.AutoTranslator] Hooked UnityEngine.UI.RawImage.set_texture through Harmony hooks.
[Debug  :XUnity.AutoTranslator] Hooked UnityEngine.Cursor.SetCursor through Harmony hooks.
[Debug  :XUnity.AutoTranslator] Hooked UnityEngine.Material.set_mainTexture through Harmony hooks.
[Debug  :XUnity.AutoTranslator] Hooked UnityEngine.Sprite.get_texture through Harmony hooks.
[Debug  :XUnity.AutoTranslator] Hooked UnityEngine.SpriteRenderer.set_sprite through Harmony hooks.
[Info   :   BepInEx] Loading [Dynamic Deadline 1.2.2]
[Info   :Dynamic Deadline] No more short deadlines for excessive quotas.
[Info   :   BepInEx] Loading [LethalDevMode 1.0.0]
[Info   :LethalDevMode] Plugin LethalDevMode is loaded!
[Info   :   BepInEx] Loading [DamageMetrics 1.0.0]
[Info   :Matsuura.TestAccount666.DamageMetrics] DamageMetrics Awake
[Info   :   BepInEx] Loading [MoreCompany 1.9.1]
[Warning:MoreCompany] SpringManAIIntervalPatch failed to replace newPlayerCount
[Warning:MoreCompany] SpectateNextPlayer failed to replace newPlayerCount: 0/2
[Info   :MoreCompany] Loading MoreCompany...
[Info   :MoreCompany] Loading SETTINGS...
[Info   :MoreCompany] Checking: D:\lalalal\prod\steamapps\common\Lethal Company\BepInEx\plugins/MoreCompanyCosmetics
[Info   :MoreCompany] Loading COSMETICS...
[Info   :MoreCompany] Loading DEFAULT COSMETICS...
[Info   :MoreCompany] Loaded cosmetic: builtin.3dglasses from bundle
[Info   :MoreCompany] Loaded cosmetic: builtin.bunnyears from bundle
[Info   :MoreCompany] Loaded cosmetic: builtin.denimhat from bundle
[Info   :MoreCompany] Loaded cosmetic: builtin.fancyglasses from bundle
[Info   :MoreCompany] Loaded cosmetic: builtin.partyglasses from bundle
[Info   :MoreCompany] Loaded cosmetic: builtin.gunholster from bundle
[Info   :MoreCompany] Loaded cosmetic: builtin.hardhat from bundle
[Info   :MoreCompany] Loaded cosmetic: builtin.jesterhat from bundle
[Info   :MoreCompany] Loaded cosmetic: builtin.kittyears from bundle
[Info   :MoreCompany] Loaded cosmetic: builtin.mimemask from bundle
[Info   :MoreCompany] Loaded cosmetic: builtin.fancypants from bundle
[Info   :MoreCompany] Loaded cosmetic: builtin.outoforder from bundle
[Info   :MoreCompany] Loaded cosmetic: builtin.partyhat from bundle
[Info   :MoreCompany] Loaded cosmetic: builtin.plaguemask from bundle
[Info   :MoreCompany] Loaded cosmetic: builtin.propellerhat from bundle
[Info   :MoreCompany] Loaded cosmetic: builtin.eyeballs from bundle
[Info   :MoreCompany] Loaded cosmetic: builtin.rudolph from bundle
[Info   :MoreCompany] Loaded cosmetic: builtin.santahat from bundle
[Info   :MoreCompany] Loaded cosmetic: builtin.slimething from bundle
[Info   :MoreCompany] Loaded cosmetic: builtin.tophat from bundle
[Info   :MoreCompany] Loaded cosmetic: builtin.watch from bundle
[Info   :MoreCompany] Loading USER COSMETICS...
[Info   :MoreCompany] Loaded MoreCompany FULLY
[Info   :   BepInEx] Loading [Backrooms 0.1.3]
[Info   : Backrooms] Plugin Backrooms is loaded!
[Info   :   BepInEx] Loading [BepInUtils 1.2.1]
[Info   :BepInUtils] System loaded.
[Info   :   BepInEx] Loading [Glow Steps 1.1.2]
[Info   :Glow Steps] [Production] Patched class FootstepPatcher, containing 2 methods.
[Info   :   BepInEx] Loading [Scoopy's Variety Mod 1.2.0]
[Info   :ScoopysVarietyMod] Successfully loaded WeezerGuitar (Item)
[Info   :ScoopysVarietyMod] Successfully loaded FireAxe (Item)
[Info   :ScoopysVarietyMod] Successfully loaded CrownItem (Item)
[Info   :ScoopysVarietyMod] Custom Scrap Loaded Successfully
[Info   :ScoopysVarietyMod] Registering flow CastleFlow with:
dungeonRarity: 300
dungeonMoons: all
guaranteeDungeon: False
dungeonSizeMax: 2
dungeonSizeMin:1
[Info   :ScoopysVarietyMod] Registered CastleFlow interior on all moons, including modded with rarity 300.
[Info   :ScoopysVarietyMod] Registering flow SewerFlow with:
dungeonRarity: 300
dungeonMoons: vanilla
guaranteeDungeon: False
dungeonSizeMax: 2
dungeonSizeMin:1
[Info   :ScoopysVarietyMod] Registered SewerFlow dungeon interior on all vanilla moons with rarity300.
[Info   :ScoopysVarietyMod] Initialised Successfully
[Info   :   BepInEx] Loading [SCPCBDunGen 4.3.4]
[Debug  :SCPCBDunGen] Hooking...
[Debug  :SCPCBDunGen] Finished Hooking!
[Info   :SCPCBDunGen] Registed SCP 914 json file successfully: D:\lalalal\prod\steamapps\common\Lethal Company\BepInEx\plugins\Badham_Mods-SCPFoundationDungeon\badhamknibbs-scp914-recipes\default.json
[Debug  :SCPCBDunGen] Hooking...
[Debug  :SCPCBDunGen] Finished Hooking!
[Info   :SCPCBDunGen] SCP:CB DunGen for Lethal Company [Version 4.3.4] successfully loaded.
[Info   :SCPCBDunGen] SCPCBDunGen v4.3.4 has loaded!
[Info   :   BepInEx] Loading [TalkingHeads 1.0.0]
[Info   :TalkingHeads] Plugin TalkingHeads is loaded!
[Info   :   BepInEx] Loading [Late Company 1.0.17]
[Info   :Late Company] Late Company loaded!
[Message:   BepInEx] Chainloader startup complete
[Info   :ReservedFlashlightSlot-2.0.8] Initializing hotkeys.
[Info   :GameTranslator] 正在尝试从目录中读取字体文件.
[Info   :GameTranslator] 加载的TextMesh Pro字体版本为: 1.1.0
[Info   : Unity Log] Saving changed settings
[Info   : Unity Log] subcribing to steam callbacks
[Warning: Unity Log] DontDestroyOnLoad only works for root GameObjects or components on root GameObjects.
[Info   :LethalLevelLoader] Registering Bundle Content!
[Info   :LethalLevelLoader] Skipped Registering 6138 NetworkObjects As They Were Already Registered.
[Info   :com.github.zehsteam.SellMyScrap] Registered "NetworkHandler" network prefab.
[Info   :com.github.zehsteam.SellMyScrap] Registered "OctolarScrapEater" network prefab.
[Info   :com.github.zehsteam.SellMyScrap] Registered "TakeyScrapEater" network prefab.
[Info   :com.github.zehsteam.SellMyScrap] Registered "MaxwellScrapEater" network prefab.
[Info   :com.github.zehsteam.SellMyScrap] Registered "YippeeScrapEater" network prefab.
[Info   :com.github.zehsteam.SellMyScrap] Registered "CookieFumoScrapEater" network prefab.
[Info   :com.github.zehsteam.SellMyScrap] Registered "PsychoScrapEater" network prefab.
[Info   :com.github.zehsteam.SellMyScrap] Registered "ZombiesScrapEater" network prefab.
[Info   :MaxWasUnavailable.LethalModDataLib] Registering ModDataAttribute fields...
[Info   :MaxWasUnavailable.LethalModDataLib] Hooking up save, load and delete events...
[Info   :MaxWasUnavailable.LethalModDataLib] ModDataHandler initialised!
[Debug  :MaxWasUnavailable.LethalModDataLib] Loading data from file LCGeneralSaveData.moddata with key MaxWasUnavailable.LethalModDataLib.LMDLVersion...
[Debug  :MaxWasUnavailable.LethalModDataLib] LethalModDataLib version (1.2.2) matches last saved version (1.2.2).
[Debug  :MaxWasUnavailable.LethalModDataLib] Saving data to file LCGeneralSaveData.moddata with key MaxWasUnavailable.LethalModDataLib.LMDLVersion...
[Info   : Unity Log] Load prefabs to Network Manager
[Debug  :ainavt.lc.lethalconfig] Injecting mod config menu into main menu...
[Info   :MoreCompany] LANMenu startLAN Patched
[Info   : Unity Log] Returning week num: 45
[Info   : Unity Log] week num: 45
[Debug  :ainavt.lc.lethalconfig] Injecting mod config menu into main menu...
[Debug  :ainavt.lc.lethalconfig] 28 mods loaded: AHook;ainavt.lc.lethalconfig;BetterTeleporter;com.fumiko.CullFactory;com.github.zehsteam.SellMyScrap;evaisa.lethallib;MaxWasUnavailable.LethalModDataLib;imabatby.lethallevelloader;dev.ladyalice.dungenplus;FlipMods.ReservedItemSlotCore;FlipMods.ReservedFlashlightSlot;dev.ladyalice.scarletmansion;dev.ladyalice.scarletmansion.coronerpatch;dev.ladyalice.scarletmansion.mimicspatch;FlipMods.BetterStamina;FlipMods.TooManyEmotes;GameTranslator;Haha.DynamicDeadline;LethalDevMode;Matsuura.TestAccount666.DamageMetrics;me.swipez.melonloader.morecompany;Neekhaulas.Backrooms;NicholaScott.BepInEx.Utils;NicholaScott.LethalCompany.GlowSteps;ScoopysVarietyMod;SCPCBDunGen;TalkingHeads;twig.latecompany
[Debug  :ainavt.lc.lethalconfig] AHook : AHook : 1.0.0
[Debug  :ainavt.lc.lethalconfig] ainavt.lc.lethalconfig : LethalConfig : 1.4.3
[Debug  :ainavt.lc.lethalconfig] BetterTeleporter : BetterTeleporter : 1.2.2
[Debug  :ainavt.lc.lethalconfig] com.fumiko.CullFactory : CullFactory : 1.4.2
[Debug  :ainavt.lc.lethalconfig] com.github.zehsteam.SellMyScrap : SellMyScrap : 1.7.1
[Debug  :ainavt.lc.lethalconfig] evaisa.lethallib : LethalLib : 0.16.1
[Debug  :ainavt.lc.lethalconfig] MaxWasUnavailable.LethalModDataLib : MaxWasUnavailable.LethalModDataLib : 1.2.2
[Debug  :ainavt.lc.lethalconfig] imabatby.lethallevelloader : LethalLevelLoader : 1.3.10
[Debug  :ainavt.lc.lethalconfig] dev.ladyalice.dungenplus : Dungeon Generation Plus : 1.1.2
[Debug  :ainavt.lc.lethalconfig] FlipMods.ReservedItemSlotCore : ReservedItemSlotCore : 2.0.36
[Debug  :ainavt.lc.lethalconfig] FlipMods.ReservedFlashlightSlot : ReservedFlashlightSlot : 2.0.8
[Debug  :ainavt.lc.lethalconfig] dev.ladyalice.scarletmansion : Scarlet Mansion : 1.3.27
[Debug  :ainavt.lc.lethalconfig] dev.ladyalice.scarletmansion.coronerpatch : Scarlet Mansion Coroner Patch : 1.0.0
[Debug  :ainavt.lc.lethalconfig] dev.ladyalice.scarletmansion.mimicspatch : Scarlet Mansion Mimics Patch : 1.0.0
[Debug  :ainavt.lc.lethalconfig] FlipMods.BetterStamina : BetterStamina : 1.2.1
[Debug  :ainavt.lc.lethalconfig] FlipMods.TooManyEmotes : TooManyEmotes : 2.2.7
[Debug  :ainavt.lc.lethalconfig] GameTranslator : GameTranslator : 1.8.33
[Debug  :ainavt.lc.lethalconfig] Haha.DynamicDeadline : Dynamic Deadline : 1.2.2
[Debug  :ainavt.lc.lethalconfig] LethalDevMode : LethalDevMode : 1.0.0
[Debug  :ainavt.lc.lethalconfig] Matsuura.TestAccount666.DamageMetrics : DamageMetrics : 1.0.0
[Debug  :ainavt.lc.lethalconfig] me.swipez.melonloader.morecompany : MoreCompany : 1.9.1
[Debug  :ainavt.lc.lethalconfig] Neekhaulas.Backrooms : Backrooms : 0.1.3
[Debug  :ainavt.lc.lethalconfig] NicholaScott.BepInEx.Utils : BepInUtils : 1.2.1
[Debug  :ainavt.lc.lethalconfig] NicholaScott.LethalCompany.GlowSteps : Glow Steps : 1.1.2
[Warning:ainavt.lc.lethalconfig] No UI component found for config of type Vector3 (General/Color)
[Debug  :ainavt.lc.lethalconfig] ScoopysVarietyMod : Scoopy's Variety Mod : 1.2.0
[Debug  :ainavt.lc.lethalconfig] SCPCBDunGen : SCPCBDunGen : 4.3.4
[Debug  :ainavt.lc.lethalconfig] TalkingHeads : TalkingHeads : 1.0.0
[Debug  :ainavt.lc.lethalconfig] twig.latecompany : Late Company : 1.0.17
[Debug  :ainavt.lc.lethalconfig] Generated 16 mod entries.
[Debug  :ainavt.lc.lethalconfig] Generated 244 configs, of which 152 were missing and registered.
[Warning:XUnity.AutoTranslator] Detected duplicate image name: DialogueBoxSimple 1
[Info   : Unity Log] unsubscribing from steam callbacks
[Info   :FixPluginTypesSerialization] Restored original AssemblyNames list
